<?xml version="1.0" encoding="UTF-8"?>
<!-- Generated by org.testng.reporters.JUnitReportReporter -->
<testsuite skipped="0" hostname="LAPTOP-DNVV5NO1" name="YoutubeTest" tests="1" failures="0" timestamp="01 мая 2018 08:17:13 GMT" time="39.770" errors="0">
  <testcase name="init" time="39.770" classname="YoutubeTest"/>
</testsuite> <!-- YoutubeTest -->
